# JRE version: Java(TM) SE Runtime Environment (8.0_111-b14) (build 1.8.0_111-b14)
# Java VM: Java HotSpot(TM) 64-Bit Server VM (25.111-b14 mixed mode linux-amd64 compressed oops)
Heap:
 PSYoungGen      total 261632K, used 2848K [0x00000000eab00000, 0x00000000fb300000, 0x0000000100000000)
  eden space 253440K, 0% used [0x00000000eab00000,0x00000000eab00000,0x00000000fa280000)
  from space 8192K, 34% used [0x00000000fa280000,0x00000000fa548000,0x00000000faa80000)
  to   space 7680K, 0% used [0x00000000faa80000,0x00000000faa80000,0x00000000fb200000)
 ParOldGen       total 84992K, used 8953K [0x00000000c0000000, 0x00000000c5300000, 0x00000000eab00000)
  object space 84992K, 10% used [0x00000000c0000000,0x00000000c08be450,0x00000000c5300000)
 Metaspace       used 6050K, capacity 6256K, committed 6528K, reserved 1056768K
  class space    used 565K, capacity 592K, committed 640K, reserved 1048576K
GC Heap History (10 events):
Event: 6.443 GC heap after
Heap after GC invocations=4 (full 0):
 PSYoungGen      total 68608K, used 5088K [0x00000000eab00000, 0x00000000ef300000, 0x0000000100000000)
  eden space 63488K, 0% used [0x00000000eab00000,0x00000000eab00000,0x00000000ee900000)
  from space 5120K, 99% used [0x00000000eee00000,0x00000000ef2f8020,0x00000000ef300000)
  to   space 5120K, 0% used [0x00000000ee900000,0x00000000ee900000,0x00000000eee00000)
 ParOldGen       total 84992K, used 3367K [0x00000000c0000000, 0x00000000c5300000, 0x00000000eab00000)
  object space 84992K, 3% used [0x00000000c0000000,0x00000000c0349f60,0x00000000c5300000)
 Metaspace       used 5938K, capacity 6192K, committed 6272K, reserved 1056768K
  class space    used 564K, capacity 592K, committed 640K, reserved 1048576K
}
Event: 6.615 GC heap before
{Heap before GC invocations=5 (full 0):
 PSYoungGen      total 68608K, used 68576K [0x00000000eab00000, 0x00000000ef300000, 0x0000000100000000)
  eden space 63488K, 100% used [0x00000000eab00000,0x00000000ee900000,0x00000000ee900000)
  from space 5120K, 99% used [0x00000000eee00000,0x00000000ef2f8020,0x00000000ef300000)
  to   space 5120K, 0% used [0x00000000ee900000,0x00000000ee900000,0x00000000eee00000)
 ParOldGen       total 84992K, used 3367K [0x00000000c0000000, 0x00000000c5300000, 0x00000000eab00000)
  object space 84992K, 3% used [0x00000000c0000000,0x00000000c0349f60,0x00000000c5300000)
 Metaspace       used 5974K, capacity 6256K, committed 6528K, reserved 1056768K
  class space    used 564K, capacity 592K, committed 640K, reserved 1048576K
Event: 6.626 GC heap after
Heap after GC invocations=5 (full 0):
 PSYoungGen      total 68608K, used 5088K [0x00000000eab00000, 0x00000000f3500000, 0x0000000100000000)
  eden space 63488K, 0% used [0x00000000eab00000,0x00000000eab00000,0x00000000ee900000)
  from space 5120K, 99% used [0x00000000ee900000,0x00000000eedf8020,0x00000000eee00000)
  to   space 7168K, 0% used [0x00000000f2e00000,0x00000000f2e00000,0x00000000f3500000)
 ParOldGen       total 84992K, used 3519K [0x00000000c0000000, 0x00000000c5300000, 0x00000000eab00000)
  object space 84992K, 4% used [0x00000000c0000000,0x00000000c036ff60,0x00000000c5300000)
 Metaspace       used 5974K, capacity 6256K, committed 6528K, reserved 1056768K
  class space    used 564K, capacity 592K, committed 640K, reserved 1048576K
}
Event: 6.765 GC heap before
{Heap before GC invocations=6 (full 0):
 PSYoungGen      total 68608K, used 68576K [0x00000000eab00000, 0x00000000f3500000, 0x0000000100000000)
  eden space 63488K, 100% used [0x00000000eab00000,0x00000000ee900000,0x00000000ee900000)
  from space 5120K, 99% used [0x00000000ee900000,0x00000000eedf8020,0x00000000eee00000)
  to   space 7168K, 0% used [0x00000000f2e00000,0x00000000f2e00000,0x00000000f3500000)
 ParOldGen       total 84992K, used 3519K [0x00000000c0000000, 0x00000000c5300000, 0x00000000eab00000)
  object space 84992K, 4% used [0x00000000c0000000,0x00000000c036ff60,0x00000000c5300000)
 Metaspace       used 5995K, capacity 6256K, committed 6528K, reserved 1056768K
  class space    used 564K, capacity 592K, committed 640K, reserved 1048576K
Event: 6.788 GC heap after
Heap after GC invocations=6 (full 0):
 PSYoungGen      total 134144K, used 5488K [0x00000000eab00000, 0x00000000f3500000, 0x0000000100000000)
  eden space 126976K, 0% used [0x00000000eab00000,0x00000000eab00000,0x00000000f2700000)
  from space 7168K, 76% used [0x00000000f2e00000,0x00000000f335c010,0x00000000f3500000)
  to   space 7168K, 0% used [0x00000000f2700000,0x00000000f2700000,0x00000000f2e00000)
 ParOldGen       total 84992K, used 3527K [0x00000000c0000000, 0x00000000c5300000, 0x00000000eab00000)
  object space 84992K, 4% used [0x00000000c0000000,0x00000000c0371f60,0x00000000c5300000)
 Metaspace       used 5995K, capacity 6256K, committed 6528K, reserved 1056768K
  class space    used 564K, capacity 592K, committed 640K, reserved 1048576K
}
Event: 7.112 GC heap before
{Heap before GC invocations=7 (full 0):
 PSYoungGen      total 134144K, used 132464K [0x00000000eab00000, 0x00000000f3500000, 0x0000000100000000)
  eden space 126976K, 100% used [0x00000000eab00000,0x00000000f2700000,0x00000000f2700000)
  from space 7168K, 76% used [0x00000000f2e00000,0x00000000f335c010,0x00000000f3500000)
  to   space 7168K, 0% used [0x00000000f2700000,0x00000000f2700000,0x00000000f2e00000)
 ParOldGen       total 84992K, used 3527K [0x00000000c0000000, 0x00000000c5300000, 0x00000000eab00000)
  object space 84992K, 4% used [0x00000000c0000000,0x00000000c0371f60,0x00000000c5300000)
 Metaspace       used 6025K, capacity 6256K, committed 6528K, reserved 1056768K
  class space    used 564K, capacity 592K, committed 640K, reserved 1048576K
Event: 7.130 GC heap after
Heap after GC invocations=7 (full 0):
 PSYoungGen      total 134144K, used 2592K [0x00000000eab00000, 0x00000000fb200000, 0x0000000100000000)
  eden space 126976K, 0% used [0x00000000eab00000,0x00000000eab00000,0x00000000f2700000)
  from space 7168K, 36% used [0x00000000f2700000,0x00000000f2988000,0x00000000f2e00000)
  to   space 7680K, 0% used [0x00000000faa80000,0x00000000faa80000,0x00000000fb200000)
 ParOldGen       total 84992K, used 7161K [0x00000000c0000000, 0x00000000c5300000, 0x00000000eab00000)
  object space 84992K, 8% used [0x00000000c0000000,0x00000000c06fe450,0x00000000c5300000)
 Metaspace       used 6025K, capacity 6256K, committed 6528K, reserved 1056768K
  class space    used 564K, capacity 592K, committed 640K, reserved 1048576K
}
Event: 7.320 GC heap before
{Heap before GC invocations=8 (full 0):
 PSYoungGen      total 134144K, used 129568K [0x00000000eab00000, 0x00000000fb200000, 0x0000000100000000)
  eden space 126976K, 100% used [0x00000000eab00000,0x00000000f2700000,0x00000000f2700000)
  from space 7168K, 36% used [0x00000000f2700000,0x00000000f2988000,0x00000000f2e00000)
  to   space 7680K, 0% used [0x00000000faa80000,0x00000000faa80000,0x00000000fb200000)
 ParOldGen       total 84992K, used 7161K [0x00000000c0000000, 0x00000000c5300000, 0x00000000eab00000)
  object space 84992K, 8% used [0x00000000c0000000,0x00000000c06fe450,0x00000000c5300000)
 Metaspace       used 6046K, capacity 6256K, committed 6528K, reserved 1056768K
  class space    used 565K, capacity 592K, committed 640K, reserved 1048576K
Event: 7.325 GC heap after
Heap after GC invocations=8 (full 0):
 PSYoungGen      total 261120K, used 1856K [0x00000000eab00000, 0x00000000fb300000, 0x0000000100000000)
  eden space 253440K, 0% used [0x00000000eab00000,0x00000000eab00000,0x00000000fa280000)
  from space 7680K, 24% used [0x00000000faa80000,0x00000000fac50000,0x00000000fb200000)
  to   space 8192K, 0% used [0x00000000fa280000,0x00000000fa280000,0x00000000faa80000)
 ParOldGen       total 84992K, used 8449K [0x00000000c0000000, 0x00000000c5300000, 0x00000000eab00000)
  object space 84992K, 9% used [0x00000000c0000000,0x00000000c0840450,0x00000000c5300000)
 Metaspace       used 6046K, capacity 6256K, committed 6528K, reserved 1056768K
  class space    used 565K, capacity 592K, committed 640K, reserved 1048576K
}
Event: 10.538 GC heap before
{Heap before GC invocations=9 (full 0):
 PSYoungGen      total 261120K, used 255296K [0x00000000eab00000, 0x00000000fb300000, 0x0000000100000000)
  eden space 253440K, 100% used [0x00000000eab00000,0x00000000fa280000,0x00000000fa280000)
  from space 7680K, 24% used [0x00000000faa80000,0x00000000fac50000,0x00000000fb200000)
  to   space 8192K, 0% used [0x00000000fa280000,0x00000000fa280000,0x00000000faa80000)
 ParOldGen       total 84992K, used 8449K [0x00000000c0000000, 0x00000000c5300000, 0x00000000eab00000)
  object space 84992K, 9% used [0x00000000c0000000,0x00000000c0840450,0x00000000c5300000)
 Metaspace       used 6050K, capacity 6256K, committed 6528K, reserved 1056768K
  class space    used 565K, capacity 592K, committed 640K, reserved 1048576K

